<?xml version="1.0" encoding="UTF-8"?>
<testsuite xmlns:xsi="http://www.w3.org/2001/XMLSchema-instance" xsi:noNamespaceSchemaLocation="https://maven.apache.org/surefire/maven-surefire-plugin/xsd/surefire-test-report-3.0.xsd" version="3.0" name="CustomerServiceTest" time="0.008" tests="5" errors="0" skipped="0" failures="0">
  <properties>
[...]
</properties>
  <testcase name="addCustomer_shouldCallExecuteUpdateWithCorrectInsertSql" classname="CustomerServiceTest" time="0.003"/>
  <testcase name="updateCustomer_shouldCallExecuteUpdateWithCorrectUpdateSql" classname="CustomerServiceTest" time="0.002"/>
  <testcase name="getAllCustomers_shouldCallExecuteQueryAndReturnResultSet" classname="CustomerServiceTest" time="0.001"/>
  <testcase name="getCustomerByPhone_shouldCallExecuteQueryAndReturnResultSet" classname="CustomerServiceTest" time="0.001"/>
  <testcase name="getCustomerCount_shouldReturnCorrectCount" classname="CustomerServiceTest" time="0.001"/>
</testsuite>